<?xml version="1.0" encoding="UTF-8"?>
<!-- Generated by org.testng.reporters.JUnitReportReporter -->
<testsuite hostname="Shivani-PC" failures="0" tests="1" name="com.Cucumber_Demo.runners.LeastPriceEarphoneRunner" time="36.884" errors="0" timestamp="2022-04-07T16:15:11 IST" skipped="0">
  <testcase classname="com.Cucumber_Demo.runners.LeastPriceEarphoneRunner" name="runScenario" time="36.884"/>
  <system-out/>
</testsuite> <!-- com.Cucumber_Demo.runners.LeastPriceEarphoneRunner -->
