<?xml version="1.0" encoding="UTF-8"?>
<!-- Generated by org.testng.reporters.JUnitReportReporter -->
<testsuite hostname="Shivani-PC" failures="0" tests="1" name="com.Cucumber_Demo.runners.NationalityRunner" time="22.169" errors="0" timestamp="2022-03-17T15:18:14 IST" skipped="0">
  <testcase classname="com.Cucumber_Demo.runners.NationalityRunner" name="runScenario" time="22.169"/>
  <system-out/>
</testsuite> <!-- com.Cucumber_Demo.runners.NationalityRunner -->
