<?xml version="1.0" encoding="UTF-8"?>
<!-- Generated by org.testng.reporters.JUnitReportReporter -->
<testsuite hostname="MW-LT-045" failures="0" tests="3" name="com.Cucumber_Demo.runners.InValid_Login_OrangeHRM_Runner2" time="33.386" errors="0" timestamp="2022-07-06T12:25:23 IST" skipped="0">
  <testcase classname="com.Cucumber_Demo.runners.InValid_Login_OrangeHRM_Runner2" name="runScenario" time="13.809"/>
  <system-out/>
  <testcase classname="com.Cucumber_Demo.runners.InValid_Login_OrangeHRM_Runner2" name="runScenario" time="9.746"/>
  <system-out/>
  <testcase classname="com.Cucumber_Demo.runners.InValid_Login_OrangeHRM_Runner2" name="runScenario" time="9.831"/>
  <system-out/>
</testsuite> <!-- com.Cucumber_Demo.runners.InValid_Login_OrangeHRM_Runner2 -->
