<?xml version="1.0" encoding="UTF-8"?>
<!-- Generated by org.testng.reporters.JUnitReportReporter -->
<testsuite hostname="MW-LT-045" failures="0" tests="1" name="com.Cucumber_Demo.runners.Search_System_User_Runner" time="20.058" errors="0" timestamp="2022-07-06T12:15:23 IST" skipped="0">
  <testcase classname="com.Cucumber_Demo.runners.Search_System_User_Runner" name="runScenario" time="20.058"/>
  <system-out/>
</testsuite> <!-- com.Cucumber_Demo.runners.Search_System_User_Runner -->
