<?xml version="1.0" encoding="UTF-8"?>
<!-- Generated by org.testng.reporters.JUnitReportReporter -->
<testsuite hostname="MW-LT-045" failures="0" tests="1" name="com.Cucumber_Demo.runners.Add_New_Employee_Runner" time="33.902" errors="0" timestamp="2022-07-06T13:20:20 IST" skipped="0">
  <testcase classname="com.Cucumber_Demo.runners.Add_New_Employee_Runner" name="runScenario" time="33.902"/>
  <system-out/>
</testsuite> <!-- com.Cucumber_Demo.runners.Add_New_Employee_Runner -->
