<?xml version="1.0" encoding="UTF-8"?>
<!-- Generated by org.testng.reporters.JUnitReportReporter -->
<testsuite hostname="MW-LT-045" failures="0" tests="1" name="com.Cucumber_Demo.runners.Open_Module_in_another_Tab_Runner" time="17.497" errors="0" timestamp="2022-07-06T12:18:45 IST" skipped="0">
  <testcase classname="com.Cucumber_Demo.runners.Open_Module_in_another_Tab_Runner" name="runScenario" time="17.497"/>
  <system-out/>
</testsuite> <!-- com.Cucumber_Demo.runners.Open_Module_in_another_Tab_Runner -->
