<?xml version="1.0" encoding="UTF-8"?>
<!-- Generated by org.testng.reporters.JUnitReportReporter -->
<testsuite hostname="MW-LT-045" failures="0" tests="1" name="com.Cucumber_Demo.runners.Add_Admin_User_Runner" time="27.863" errors="0" timestamp="2022-07-06T13:22:56 IST" skipped="0">
  <testcase classname="com.Cucumber_Demo.runners.Add_Admin_User_Runner" name="runScenario" time="27.863"/>
  <system-out/>
</testsuite> <!-- com.Cucumber_Demo.runners.Add_Admin_User_Runner -->
