<?xml version="1.0" encoding="UTF-8"?>
<!-- Generated by org.testng.reporters.JUnitReportReporter -->
<testsuite hostname="Shivani-PC" failures="0" tests="1" name="com.Cucumber_Demo.runners.AddProductToCartRunner" time="35.275" errors="0" timestamp="2022-04-07T16:20:51 IST" skipped="0">
  <testcase classname="com.Cucumber_Demo.runners.AddProductToCartRunner" name="runScenario" time="35.275"/>
  <system-out/>
</testsuite> <!-- com.Cucumber_Demo.runners.AddProductToCartRunner -->
