<?xml version="1.0" encoding="UTF-8"?>
<!-- Generated by org.testng.reporters.JUnitReportReporter -->
<testsuite hostname="MW-LT-045" failures="0" tests="1" name="com.Cucumber_Demo.runners.Valid_Login_OrangeHRM_Runner" time="17.626" errors="0" timestamp="2022-07-06T11:45:36 IST" skipped="0">
  <testcase classname="com.Cucumber_Demo.runners.Valid_Login_OrangeHRM_Runner" name="runScenario" time="17.626"/>
  <system-out/>
</testsuite> <!-- com.Cucumber_Demo.runners.Valid_Login_OrangeHRM_Runner -->
