<?xml version="1.0" encoding="UTF-8"?>
<!-- Generated by org.testng.reporters.JUnitReportReporter -->
<testsuite hostname="Shivani-PC" failures="0" tests="1" name="com.Cucumber_Demo.runners.InvalidPasswordRunner" time="20.352" errors="0" timestamp="2022-04-07T16:14:13 IST" skipped="0">
  <testcase classname="com.Cucumber_Demo.runners.InvalidPasswordRunner" name="runScenario" time="20.352"/>
  <system-out/>
</testsuite> <!-- com.Cucumber_Demo.runners.InvalidPasswordRunner -->
