<?xml version="1.0" encoding="UTF-8"?>
<!-- Generated by org.testng.reporters.JUnitReportReporter -->
<testsuite hostname="Shivani-PC" failures="0" tests="1" name="com.Cucumber_Demo.runners.ClickOnHeadphonesRunner" time="16.903" errors="0" timestamp="2022-04-07T16:12:29 IST" skipped="0">
  <testcase classname="com.Cucumber_Demo.runners.ClickOnHeadphonesRunner" name="runScenario" time="16.903"/>
  <system-out/>
</testsuite> <!-- com.Cucumber_Demo.runners.ClickOnHeadphonesRunner -->
