<?xml version="1.0" encoding="UTF-8"?>
<!-- Generated by org.testng.reporters.JUnitReportReporter -->
<testsuite hostname="MW-LT-045" failures="0" tests="1" name="com.Cucumber_Demo.runners.Employement_Status_Runner" time="23.970" errors="0" timestamp="2022-07-06T13:08:02 IST" skipped="0">
  <testcase classname="com.Cucumber_Demo.runners.Employement_Status_Runner" name="runScenario" time="23.970"/>
  <system-out/>
</testsuite> <!-- com.Cucumber_Demo.runners.Employement_Status_Runner -->
