<?xml version="1.0" encoding="UTF-8"?>
<!-- Generated by org.testng.reporters.JUnitReportReporter -->
<testsuite hostname="Shivani-PC" failures="0" tests="1" name="com.Cucumber_Demo.runners.OrangeLoginRunner" time="17.158" errors="0" timestamp="2022-03-17T14:40:28 IST" skipped="0">
  <testcase classname="com.Cucumber_Demo.runners.OrangeLoginRunner" name="runScenario" time="17.158"/>
  <system-out/>
</testsuite> <!-- com.Cucumber_Demo.runners.OrangeLoginRunner -->
