<?xml version="1.0" encoding="UTF-8"?>
<!-- Generated by org.testng.reporters.JUnitReportReporter -->
<testsuite hostname="MW-LT-045" failures="0" tests="1" name="com.Cucumber_Demo.runners.Delete_user_Runner" time="24.601" errors="0" timestamp="2022-07-06T13:24:38 IST" skipped="0">
  <testcase classname="com.Cucumber_Demo.runners.Delete_user_Runner" name="runScenario" time="24.601"/>
  <system-out/>
</testsuite> <!-- com.Cucumber_Demo.runners.Delete_user_Runner -->
