<?xml version="1.0" encoding="UTF-8"?>
<!-- Generated by org.testng.reporters.JUnitReportReporter -->
<testsuite hostname="MW-LT-045" failures="0" tests="1" name="com.Cucumber_Demo.runners.Update_Image_On_Profile_Runner" time="26.253" errors="0" timestamp="2022-07-06T12:13:44 IST" skipped="0">
  <testcase classname="com.Cucumber_Demo.runners.Update_Image_On_Profile_Runner" name="runScenario" time="26.253"/>
  <system-out/>
</testsuite> <!-- com.Cucumber_Demo.runners.Update_Image_On_Profile_Runner -->
