<?xml version="1.0" encoding="UTF-8"?>
<!-- Generated by org.testng.reporters.JUnitReportReporter -->
<testsuite hostname="Shivani-PC" failures="0" tests="1" name="com.Cucumber_Demo.runners.PayRunner" time="23.102" errors="0" timestamp="2022-03-24T13:40:55 IST" skipped="0">
  <testcase classname="com.Cucumber_Demo.runners.PayRunner" name="runScenario" time="23.102"/>
  <system-out/>
</testsuite> <!-- com.Cucumber_Demo.runners.PayRunner -->
