<?xml version="1.0" encoding="UTF-8"?>
<!-- Generated by org.testng.reporters.JUnitReportReporter -->
<testsuite hostname="MW-LT-045" failures="0" tests="1" name="com.Cucumber_Demo.runners.ClickingOnAllTabsRunner" time="14.508" errors="0" timestamp="2022-06-28T14:34:24 IST" skipped="0">
  <testcase classname="com.Cucumber_Demo.runners.ClickingOnAllTabsRunner" name="runScenario" time="14.508"/>
  <system-out/>
</testsuite> <!-- com.Cucumber_Demo.runners.ClickingOnAllTabsRunner -->
