<?xml version="1.0" encoding="UTF-8"?>
<!-- Generated by org.testng.reporters.JUnitReportReporter -->
<testsuite hostname="MW-LT-045" failures="0" tests="1" name="com.Cucumber_Demo.runners.Logout_Runner" time="15.567" errors="0" timestamp="2022-07-06T12:21:27 IST" skipped="0">
  <testcase classname="com.Cucumber_Demo.runners.Logout_Runner" name="runScenario" time="15.567"/>
  <system-out/>
</testsuite> <!-- com.Cucumber_Demo.runners.Logout_Runner -->
