<?xml version="1.0" encoding="UTF-8"?>
<!-- Generated by org.testng.reporters.JUnitReportReporter -->
<testsuite hostname="MW-LT-045" failures="0" tests="1" name="com.Cucumber_Demo.runners.Update_Personal_Information_Runner" time="23.173" errors="0" timestamp="2022-07-06T12:10:12 IST" skipped="0">
  <testcase classname="com.Cucumber_Demo.runners.Update_Personal_Information_Runner" name="runScenario" time="23.173"/>
  <system-out/>
</testsuite> <!-- com.Cucumber_Demo.runners.Update_Personal_Information_Runner -->
