<?xml version="1.0" encoding="UTF-8"?>
<!-- Generated by org.testng.reporters.JUnitReportReporter -->
<testsuite skipped="0" hostname="MW-LT-100" name="com.Cucumber_Demo.runners.GoogleSearchRunner" tests="1" failures="0" timestamp="2022-03-02T18:37:40 IST" time="8.478" errors="0">
  <testcase name="runScenario" time="8.478" classname="com.Cucumber_Demo.runners.GoogleSearchRunner"/>
  <system-out/>
</testsuite> <!-- com.Cucumber_Demo.runners.GoogleSearchRunner -->
