<?xml version="1.0" encoding="UTF-8"?>
<!-- Generated by org.testng.reporters.JUnitReportReporter -->
<testsuite hostname="Shivani-PC" failures="0" tests="1" name="com.Cucumber_Demo.runners.TodaysDealRunner" time="18.300" errors="0" timestamp="2022-04-07T16:16:31 IST" skipped="0">
  <testcase classname="com.Cucumber_Demo.runners.TodaysDealRunner" name="runScenario" time="18.300"/>
  <system-out/>
</testsuite> <!-- com.Cucumber_Demo.runners.TodaysDealRunner -->
