<?xml version="1.0" encoding="UTF-8"?>
<!-- Generated by org.testng.reporters.JUnitReportReporter -->
<testsuite hostname="MW-LT-045" failures="0" tests="2" name="com.Cucumber_Demo.runners.Using_Background_Runner" time="47.497" errors="0" timestamp="2022-07-21T16:31:07 IST" skipped="0">
  <testcase classname="com.Cucumber_Demo.runners.Using_Background_Runner" name="runScenario" time="18.206"/>
  <system-out/>
  <testcase classname="com.Cucumber_Demo.runners.Using_Background_Runner" name="runScenario" time="29.291"/>
  <system-out/>
</testsuite> <!-- com.Cucumber_Demo.runners.Using_Background_Runner -->
