<?xml version="1.0" encoding="UTF-8"?>
<!-- Generated by org.testng.reporters.JUnitReportReporter -->
<testsuite hostname="MW-LT-045" failures="0" tests="1" name="com.Cucumber_Demo.runners.Login_OrangeHRM_Runner" time="15.780" errors="0" timestamp="2022-06-28T15:38:21 IST" skipped="0">
  <testcase classname="com.Cucumber_Demo.runners.Login_OrangeHRM_Runner" name="runScenario" time="15.780"/>
  <system-out/>
</testsuite> <!-- com.Cucumber_Demo.runners.Login_OrangeHRM_Runner -->
